Arguments: 
  /Users/takakobem/.nodebrew/node/v10.12.0/bin/node /Users/takakobem/.nodebrew/node/v10.12.0/bin/yarn install --mutex network:42424 --non-interactive

PATH: 
  /Users/takakobem/Apps/lerna-test/apps-private/app-private-1/node_modules/.bin:/Users/takakobem/Apps/lerna-test/apps-private/node_modules/.bin:/Users/takakobem/Apps/lerna-test/node_modules/.bin:/Users/takakobem/Apps/node_modules/.bin:/Users/takakobem/node_modules/.bin:/Users/node_modules/.bin:/node_modules/.bin:/Users/takakobem/.nodebrew/node/v10.12.0/bin:/Users/takakobem/.nodebrew/current/bin:/usr/local/bin:/usr/bin:/bin:/usr/sbin:/sbin

Yarn version: 
  1.10.1

Node version: 
  10.12.0

Platform: 
  darwin x64

Trace: 
  Error: https://registry.yarnpkg.com/test1e: Not found
      at Request.params.callback [as _callback] (/Users/takakobem/.nodebrew/node/v10.12.0/lib/node_modules/yarn/lib/cli.js:61073:18)
      at Request.self.callback (/Users/takakobem/.nodebrew/node/v10.12.0/lib/node_modules/yarn/lib/cli.js:120166:22)
      at Request.emit (events.js:182:13)
      at Request.<anonymous> (/Users/takakobem/.nodebrew/node/v10.12.0/lib/node_modules/yarn/lib/cli.js:121138:10)
      at Request.emit (events.js:182:13)
      at IncomingMessage.<anonymous> (/Users/takakobem/.nodebrew/node/v10.12.0/lib/node_modules/yarn/lib/cli.js:121060:12)
      at Object.onceWrapper (events.js:273:13)
      at IncomingMessage.emit (events.js:187:15)
      at endReadableNT (_stream_readable.js:1094:12)
      at process._tickCallback (internal/process/next_tick.js:63:19)

npm manifest: 
  {
  	"name": "apps-private-1",
  	"version": "0.0.0",
  	"private": true,
  	"description": "> TODO: description",
  	"author": "Takahiro Matsuda <takakobem@gmail.com>",
  	"homepage": "",
  	"license": "ISC",
  	"main": "lib/test1.js",
  	"directories": {
  		"lib": "lib",
  		"test": "__tests__"
  	},
  	"files": [
  		"lib"
  	],
  	"dependencies": {
  		"test1e": "*"
  	}
  }

yarn manifest: 
  No manifest

Lockfile: 
  No lockfile
